vlc-android/build/outputs/logs/manifest-merger-vanilla-ARMv7-debug-report.txt
-- Merging decision tree log ---
data
INJECTED from vlc-android/vlc-android/AndroidManifest.xml:94:17-96:55
	android:host
		INJECTED from vlc-android/vlc-android/AndroidManifest.xml
		ADDED from vlc-android/vlc-android/AndroidManifest.xml:96:21-52
	android:scheme
		ADDED from vlc-android/vlc-android/AndroidManifest.xml:95:21-49
	android:pathPattern
		ADDED from vlc-android/vlc-android/AndroidManifest.xml:196:23-53
	android:mimeType
		ADDED from vlc-android/vlc-android/AndroidManifest.xml:125:23-49
action#org.videolan.vlc.debug.widget.INIT
INJECTED from vlc-android/vlc-android/AndroidManifest.xml:516:17-71
INJECTED from vlc-android/vlc-android/AndroidManifest.xml:532:17-71
	android:name
		INJECTED from vlc-android/vlc-android/AndroidManifest.xml
		INJECTED from vlc-android/vlc-android/AndroidManifest.xml
		ADDED from vlc-android/vlc-android/AndroidManifest.xml:516:25-68
action#org.videolan.vlc.debug.widget.UPDATE
INJECTED from vlc-android/vlc-android/AndroidManifest.xml:517:17-73
INJECTED from vlc-android/vlc-android/AndroidManifest.xml:533:17-73
	android:name
		INJECTED from vlc-android/vlc-android/AndroidManifest.xml
		INJECTED from vlc-android/vlc-android/AndroidManifest.xml
		ADDED from vlc-android/vlc-android/AndroidManifest.xml:517:25-70
action#org.videolan.vlc.debug.widget.UPDATE_COVER
INJECTED from vlc-android/vlc-android/AndroidManifest.xml:518:17-79
INJECTED from vlc-android/vlc-android/AndroidManifest.xml:534:17-79
	android:name
		INJECTED from vlc-android/vlc-android/AndroidManifest.xml
		INJECTED from vlc-android/vlc-android/AndroidManifest.xml
		ADDED from vlc-android/vlc-android/AndroidManifest.xml:518:25-76
action#org.videolan.vlc.debug.widget.UPDATE_POSITION
INJECTED from vlc-android/vlc-android/AndroidManifest.xml:519:17-82
INJECTED from vlc-android/vlc-android/AndroidManifest.xml:535:17-82
	android:name
		INJECTED from vlc-android/vlc-android/AndroidManifest.xml
		INJECTED from vlc-android/vlc-android/AndroidManifest.xml
		ADDED from vlc-android/vlc-android/AndroidManifest.xml:519:25-79
manifest
ADDED from vlc-android/vlc-android/AndroidManifest.xml:2:1-624:12
INJECTED from vlc-android/vlc-android/AndroidManifest.xml:2:1-624:12
INJECTED from vlc-android/vlc-android/AndroidManifest.xml:2:1-624:12
INJECTED from vlc-android/vlc-android/AndroidManifest.xml:2:1-624:12
MERGED from [:medialibrary] AndroidManifest.xml:2:1-9:12
MERGED from [com.android.databinding:adapters:3.1.3] AndroidManifest.xml:17:1-24:12
MERGED from [com.android.databinding:library:3.1.3] AndroidManifest.xml:17:1-24:12
MERGED from [:libvlc] AndroidManifest.xml:2:1-11:12
MERGED from [:api] AndroidManifest.xml:24:1-39:12
MERGED from [com.android.support:design:27.1.1] AndroidManifest.xml:17:1-22:12
MERGED from [com.android.support:preference-leanback-v17:27.1.1] AndroidManifest.xml:17:1-22:12
MERGED from [com.android.support:preference-v14:27.1.1] AndroidManifest.xml:17:1-22:12
MERGED from [com.android.support:preference-v7:27.1.1] AndroidManifest.xml:17:1-22:12
MERGED from [com.android.support:leanback-v17:27.1.1] AndroidManifest.xml:17:1-22:12
MERGED from [com.android.support:recyclerview-v7:27.1.1] AndroidManifest.xml:17:1-22:12
MERGED from [:tools] AndroidManifest.xml:2:1-11:12
MERGED from [com.android.support:support-tv-provider:27.1.1] AndroidManifest.xml:17:1-25:12
MERGED from [com.android.support:appcompat-v7:27.1.1] AndroidManifest.xml:17:1-22:12
MERGED from [com.android.support:support-v4:27.1.1] AndroidManifest.xml:17:1-22:12
MERGED from [com.android.support:animated-vector-drawable:27.1.1] AndroidManifest.xml:17:1-22:12
MERGED from [android.arch.lifecycle:extensions:1.1.1] AndroidManifest.xml:17:1-30:12
MERGED from [com.android.support:support-fragment:27.1.1] AndroidManifest.xml:17:1-22:12
MERGED from [com.android.support:support-core-ui:27.1.1] AndroidManifest.xml:17:1-22:12
MERGED from [com.android.support:transition:27.1.1] AndroidManifest.xml:17:1-22:12
MERGED from [com.android.support:support-media-compat:27.1.1] AndroidManifest.xml:17:1-22:12
MERGED from [android.arch.lifecycle:livedata:1.1.1] AndroidManifest.xml:17:1-22:12
MERGED from [android.arch.lifecycle:livedata-core:1.1.1] AndroidManifest.xml:17:1-22:12
MERGED from [android.arch.core:runtime:1.1.1] AndroidManifest.xml:17:1-22:12
MERGED from [com.android.support:support-vector-drawable:27.1.1] AndroidManifest.xml:17:1-22:12
MERGED from [com.android.support:support-core-utils:27.1.1] AndroidManifest.xml:17:1-22:12
MERGED from [com.android.support:support-compat:27.1.1] AndroidManifest.xml:17:1-22:12
MERGED from [android.arch.lifecycle:runtime:1.1.1] AndroidManifest.xml:17:1-22:12
MERGED from [android.arch.lifecycle:viewmodel:1.1.1] AndroidManifest.xml:17:1-22:12
MERGED from [com.android.support.constraint:constraint-layout:1.1.2] AndroidManifest.xml:2:1-11:12
INJECTED from vlc-android/vlc-android/AndroidManifest.xml:2:1-624:12
INJECTED from vlc-android/vlc-android/AndroidManifest.xml:2:1-624:12
INJECTED from vlc-android/vlc-android/AndroidManifest.xml:2:1-624:12
	package
		ADDED from vlc-android/vlc-android/AndroidManifest.xml:4:5-31
		INJECTED from vlc-android/vlc-android/AndroidManifest.xml
		INJECTED from vlc-android/vlc-android/AndroidManifest.xml
	android:versionName
		INJECTED from vlc-android/vlc-android/AndroidManifest.xml
		ADDED from vlc-android/vlc-android/AndroidManifest.xml:2:1-624:12
		INJECTED from vlc-android/vlc-android/AndroidManifest.xml
	xmlns:tools
		ADDED from vlc-android/vlc-android/AndroidManifest.xml:3:5-51
	android:versionCode
		INJECTED from vlc-android/vlc-android/AndroidManifest.xml
		ADDED from vlc-android/vlc-android/AndroidManifest.xml:2:1-624:12
		INJECTED from vlc-android/vlc-android/AndroidManifest.xml
	xmlns:android
		ADDED from vlc-android/vlc-android/AndroidManifest.xml:2:11-69
	android:installLocation
		ADDED from vlc-android/vlc-android/AndroidManifest.xml:5:5-35
uses-sdk
ADDED from vlc-android/vlc-android/AndroidManifest.xml:7:5-8:122
INJECTED from vlc-android/vlc-android/AndroidManifest.xml:7:5-8:122
INJECTED from vlc-android/vlc-android/AndroidManifest.xml:7:5-8:122
MERGED from [:medialibrary] AndroidManifest.xml:5:5-44
MERGED from [:medialibrary] AndroidManifest.xml:5:5-44
MERGED from [com.android.databinding:adapters:3.1.3] AndroidManifest.xml:22:5-44
MERGED from [com.android.databinding:adapters:3.1.3] AndroidManifest.xml:22:5-44
MERGED from [com.android.databinding:library:3.1.3] AndroidManifest.xml:22:5-44
MERGED from [com.android.databinding:library:3.1.3] AndroidManifest.xml:22:5-44
MERGED from [:libvlc] AndroidManifest.xml:7:5-9:41
MERGED from [:libvlc] AndroidManifest.xml:7:5-9:41
MERGED from [:api] AndroidManifest.xml:29:5-44
MERGED from [:api] AndroidManifest.xml:29:5-44
MERGED from [com.android.support:design:27.1.1] AndroidManifest.xml:20:5-44
MERGED from [com.android.support:design:27.1.1] AndroidManifest.xml:20:5-44
MERGED from [com.android.support:preference-leanback-v17:27.1.1] AndroidManifest.xml:20:5-44
MERGED from [com.android.support:preference-leanback-v17:27.1.1] AndroidManifest.xml:20:5-44
MERGED from [com.android.support:preference-v14:27.1.1] AndroidManifest.xml:20:5-44
MERGED from [com.android.support:preference-v14:27.1.1] AndroidManifest.xml:20:5-44
MERGED from [com.android.support:preference-v7:27.1.1] AndroidManifest.xml:20:5-44
MERGED from [com.android.support:preference-v7:27.1.1] AndroidManifest.xml:20:5-44
MERGED from [com.android.support:leanback-v17:27.1.1] AndroidManifest.xml:20:5-44
MERGED from [com.android.support:leanback-v17:27.1.1] AndroidManifest.xml:20:5-44
MERGED from [com.android.support:recyclerview-v7:27.1.1] AndroidManifest.xml:20:5-44
MERGED from [com.android.support:recyclerview-v7:27.1.1] AndroidManifest.xml:20:5-44
MERGED from [:tools] AndroidManifest.xml:7:5-9:41
MERGED from [:tools] AndroidManifest.xml:7:5-9:41
MERGED from [com.android.support:support-tv-provider:27.1.1] AndroidManifest.xml:20:5-44
MERGED from [com.android.support:support-tv-provider:27.1.1] AndroidManifest.xml:20:5-44
MERGED from [com.android.support:appcompat-v7:27.1.1] AndroidManifest.xml:20:5-44
MERGED from [com.android.support:appcompat-v7:27.1.1] AndroidManifest.xml:20:5-44
MERGED from [com.android.support:support-v4:27.1.1] AndroidManifest.xml:20:5-44
MERGED from [com.android.support:support-v4:27.1.1] AndroidManifest.xml:20:5-44
MERGED from [com.android.support:animated-vector-drawable:27.1.1] AndroidManifest.xml:20:5-44
MERGED from [com.android.support:animated-vector-drawable:27.1.1] AndroidManifest.xml:20:5-44
MERGED from [android.arch.lifecycle:extensions:1.1.1] AndroidManifest.xml:20:5-44
MERGED from [android.arch.lifecycle:extensions:1.1.1] AndroidManifest.xml:20:5-44
MERGED from [com.android.support:support-fragment:27.1.1] AndroidManifest.xml:20:5-44
MERGED from [com.android.support:support-fragment:27.1.1] AndroidManifest.xml:20:5-44
MERGED from [com.android.support:support-core-ui:27.1.1] AndroidManifest.xml:20:5-44
MERGED from [com.android.support:support-core-ui:27.1.1] AndroidManifest.xml:20:5-44
MERGED from [com.android.support:transition:27.1.1] AndroidManifest.xml:20:5-44
MERGED from [com.android.support:transition:27.1.1] AndroidManifest.xml:20:5-44
MERGED from [com.android.support:support-media-compat:27.1.1] AndroidManifest.xml:20:5-44
MERGED from [com.android.support:support-media-compat:27.1.1] AndroidManifest.xml:20:5-44
MERGED from [android.arch.lifecycle:livedata:1.1.1] AndroidManifest.xml:20:5-44
MERGED from [android.arch.lifecycle:livedata:1.1.1] AndroidManifest.xml:20:5-44
MERGED from [android.arch.lifecycle:livedata-core:1.1.1] AndroidManifest.xml:20:5-44
MERGED from [android.arch.lifecycle:livedata-core:1.1.1] AndroidManifest.xml:20:5-44
MERGED from [android.arch.core:runtime:1.1.1] AndroidManifest.xml:20:5-44
MERGED from [android.arch.core:runtime:1.1.1] AndroidManifest.xml:20:5-44
MERGED from [com.android.support:support-vector-drawable:27.1.1] AndroidManifest.xml:20:5-44
MERGED from [com.android.support:support-vector-drawable:27.1.1] AndroidManifest.xml:20:5-44
MERGED from [com.android.support:support-core-utils:27.1.1] AndroidManifest.xml:20:5-44
MERGED from [com.android.support:support-core-utils:27.1.1] AndroidManifest.xml:20:5-44
MERGED from [com.android.support:support-compat:27.1.1] AndroidManifest.xml:20:5-44
MERGED from [com.android.support:support-compat:27.1.1] AndroidManifest.xml:20:5-44
MERGED from [android.arch.lifecycle:runtime:1.1.1] AndroidManifest.xml:20:5-44
MERGED from [android.arch.lifecycle:runtime:1.1.1] AndroidManifest.xml:20:5-44
MERGED from [android.arch.lifecycle:viewmodel:1.1.1] AndroidManifest.xml:20:5-44
MERGED from [android.arch.lifecycle:viewmodel:1.1.1] AndroidManifest.xml:20:5-44
MERGED from [com.android.support.constraint:constraint-layout:1.1.2] AndroidManifest.xml:5:5-7:41
MERGED from [com.android.support.constraint:constraint-layout:1.1.2] AndroidManifest.xml:5:5-7:41
INJECTED from vlc-android/vlc-android/AndroidManifest.xml:7:5-8:122
INJECTED from vlc-android/vlc-android/AndroidManifest.xml:7:5-8:122
	tools:overrideLibrary
		ADDED from vlc-android/vlc-android/AndroidManifest.xml:8:9-119
	android:targetSdkVersion
		INJECTED from vlc-android/vlc-android/AndroidManifest.xml
		ADDED from vlc-android/vlc-android/AndroidManifest.xml:7:5-8:122
		INJECTED from vlc-android/vlc-android/AndroidManifest.xml
	android:minSdkVersion
		INJECTED from vlc-android/vlc-android/AndroidManifest.xml
		ADDED from vlc-android/vlc-android/AndroidManifest.xml:7:5-8:122
		INJECTED from vlc-android/vlc-android/AndroidManifest.xml
uses-permission#android.permission.READ_LOGS
ADDED from vlc-android/vlc-android/AndroidManifest.xml:10:5-11:38
	android:maxSdkVersion
		ADDED from vlc-android/vlc-android/AndroidManifest.xml:11:9-35
	android:name
		ADDED from vlc-android/vlc-android/AndroidManifest.xml:10:22-65
uses-permission#android.permission.VIBRATE
ADDED from vlc-android/vlc-android/AndroidManifest.xml:14:5-66
	android:name
		ADDED from vlc-android/vlc-android/AndroidManifest.xml:14:22-63
uses-permission#android.permission.WRITE_SETTINGS
ADDED from vlc-android/vlc-android/AndroidManifest.xml:17:5-73
	android:name
		ADDED from vlc-android/vlc-android/AndroidManifest.xml:17:22-70
uses-permission#android.permission.WRITE_EXTERNAL_STORAGE
ADDED from vlc-android/vlc-android/AndroidManifest.xml:20:5-81
	android:name
		ADDED from vlc-android/vlc-android/AndroidManifest.xml:20:22-78
uses-permission#android.permission.INTERNET
ADDED from vlc-android/vlc-android/AndroidManifest.xml:23:5-67
	android:name
		ADDED from vlc-android/vlc-android/AndroidManifest.xml:23:22-64
uses-permission#android.permission.RECEIVE_BOOT_COMPLETED
ADDED from vlc-android/vlc-android/AndroidManifest.xml:26:5-81
	android:name
		ADDED from vlc-android/vlc-android/AndroidManifest.xml:26:22-78
uses-permission#android.permission.RECORD_AUDIO
ADDED from vlc-android/vlc-android/AndroidManifest.xml:29:5-71
	android:name
		ADDED from vlc-android/vlc-android/AndroidManifest.xml:29:22-68
uses-permission#android.permission.ACCESS_NETWORK_STATE
ADDED from vlc-android/vlc-android/AndroidManifest.xml:32:5-79
	android:name
		ADDED from vlc-android/vlc-android/AndroidManifest.xml:32:22-76
uses-permission#android.permission.WAKE_LOCK
ADDED from vlc-android/vlc-android/AndroidManifest.xml:33:5-68
	android:name
		ADDED from vlc-android/vlc-android/AndroidManifest.xml:33:22-65
uses-permission#android.permission.MODIFY_AUDIO_SETTINGS
ADDED from vlc-android/vlc-android/AndroidManifest.xml:34:5-80
	android:name
		ADDED from vlc-android/vlc-android/AndroidManifest.xml:34:22-77
uses-permission#android.permission.BLUETOOTH
ADDED from vlc-android/vlc-android/AndroidManifest.xml:35:5-67
	android:name
		ADDED from vlc-android/vlc-android/AndroidManifest.xml:35:22-65
uses-permission#android.permission.SYSTEM_ALERT_WINDOW
ADDED from vlc-android/vlc-android/AndroidManifest.xml:37:5-77
	android:name
		ADDED from vlc-android/vlc-android/AndroidManifest.xml:37:22-75
uses-permission#org.videolan.vlc.permission.READ_EXTENSION_DATA
ADDED from vlc-android/vlc-android/AndroidManifest.xml:39:5-86
	android:name
		ADDED from vlc-android/vlc-android/AndroidManifest.xml:39:22-84
uses-permission#com.android.providers.tv.permission.READ_EPG_DATA
ADDED from vlc-android/vlc-android/AndroidManifest.xml:41:5-89
MERGED from [com.android.support:support-tv-provider:27.1.1] AndroidManifest.xml:23:5-89
MERGED from [com.android.support:support-tv-provider:27.1.1] AndroidManifest.xml:23:5-89
	android:name
		ADDED from vlc-android/vlc-android/AndroidManifest.xml:41:22-86
uses-permission#com.android.providers.tv.permission.WRITE_EPG_DATA
ADDED from vlc-android/vlc-android/AndroidManifest.xml:42:5-90
MERGED from [com.android.support:support-tv-provider:27.1.1] AndroidManifest.xml:22:5-90
MERGED from [com.android.support:support-tv-provider:27.1.1] AndroidManifest.xml:22:5-90
	android:name
		ADDED from vlc-android/vlc-android/AndroidManifest.xml:42:22-87
uses-feature#android.software.leanback
ADDED from vlc-android/vlc-android/AndroidManifest.xml:44:5-45:36
	android:required
		ADDED from vlc-android/vlc-android/AndroidManifest.xml:45:9-33
	android:name
		ADDED from vlc-android/vlc-android/AndroidManifest.xml:44:19-59
uses-feature#android.hardware.touchscreen
ADDED from vlc-android/vlc-android/AndroidManifest.xml:46:5-48:36
	android:required
		ADDED from vlc-android/vlc-android/AndroidManifest.xml:48:9-33
	android:name
		ADDED from vlc-android/vlc-android/AndroidManifest.xml:47:9-52
uses-feature#android.hardware.microphone
ADDED from vlc-android/vlc-android/AndroidManifest.xml:49:5-50:35
	android:required
		ADDED from vlc-android/vlc-android/AndroidManifest.xml:50:9-33
	android:name
		ADDED from vlc-android/vlc-android/AndroidManifest.xml:49:19-61
uses-feature#android.hardware.bluetooth
ADDED from vlc-android/vlc-android/AndroidManifest.xml:52:5-53:36
	android:required
		ADDED from vlc-android/vlc-android/AndroidManifest.xml:53:9-33
	android:name
		ADDED from vlc-android/vlc-android/AndroidManifest.xml:52:19-60
application
ADDED from vlc-android/vlc-android/AndroidManifest.xml:55:5-622:19
MERGED from [:medialibrary] AndroidManifest.xml:7:5-20
MERGED from [:medialibrary] AndroidManifest.xml:7:5-20
MERGED from [:api] AndroidManifest.xml:31:5-37:19
MERGED from [:api] AndroidManifest.xml:31:5-37:19
MERGED from [android.arch.lifecycle:extensions:1.1.1] AndroidManifest.xml:22:5-28:19
MERGED from [android.arch.lifecycle:extensions:1.1.1] AndroidManifest.xml:22:5-28:19
MERGED from [com.android.support.constraint:constraint-layout:1.1.2] AndroidManifest.xml:9:5-20
MERGED from [com.android.support.constraint:constraint-layout:1.1.2] AndroidManifest.xml:9:5-20
	android:appCategory
		ADDED from vlc-android/vlc-android/AndroidManifest.xml:68:9-36
	android:roundIcon
		ADDED from vlc-android/vlc-android/AndroidManifest.xml:62:9-48
	android:largeHeap
		ADDED from vlc-android/vlc-android/AndroidManifest.xml:60:9-33
	android:icon
		ADDED from vlc-android/vlc-android/AndroidManifest.xml:61:9-43
	android:banner
		ADDED from vlc-android/vlc-android/AndroidManifest.xml:63:9-42
	android:supportsRtl
		ADDED from vlc-android/vlc-android/AndroidManifest.xml:67:9-35
	android:label
		ADDED from vlc-android/vlc-android/AndroidManifest.xml:64:9-41
	android:hardwareAccelerated
		ADDED from vlc-android/vlc-android/AndroidManifest.xml:57:9-43
	android:fullBackupContent
		ADDED from vlc-android/vlc-android/AndroidManifest.xml:59:9-54
	tools:targetApi
		ADDED from vlc-android/vlc-android/AndroidManifest.xml:69:9-28
	android:allowBackup
		ADDED from vlc-android/vlc-android/AndroidManifest.xml:58:9-35
	android:theme
		ADDED from vlc-android/vlc-android/AndroidManifest.xml:66:9-53
	android:logo
		ADDED from vlc-android/vlc-android/AndroidManifest.xml:65:9-38
	android:name
		ADDED from vlc-android/vlc-android/AndroidManifest.xml:56:9-55
meta-data#com.samsung.android.sdk.multiwindow.enable
ADDED from vlc-android/vlc-android/AndroidManifest.xml:72:9-101
	android:value
		ADDED from vlc-android/vlc-android/AndroidManifest.xml:72:78-98
	android:name
		ADDED from vlc-android/vlc-android/AndroidManifest.xml:72:20-77
meta-data#com.lge.support.SPLIT_WINDOW
ADDED from vlc-android/vlc-android/AndroidManifest.xml:74:9-87
	android:value
		ADDED from vlc-android/vlc-android/AndroidManifest.xml:74:64-84
	android:name
		ADDED from vlc-android/vlc-android/AndroidManifest.xml:74:20-63
meta-data#com.google.android.gms.car.application
ADDED from vlc-android/vlc-android/AndroidManifest.xml:76:9-77:58
	android:resource
		ADDED from vlc-android/vlc-android/AndroidManifest.xml:77:13-56
	android:name
		ADDED from vlc-android/vlc-android/AndroidManifest.xml:76:20-73
meta-data#com.google.android.gms.car.notification.SmallIcon
ADDED from vlc-android/vlc-android/AndroidManifest.xml:78:9-79:49
	android:resource
		ADDED from vlc-android/vlc-android/AndroidManifest.xml:79:13-46
	android:name
		ADDED from vlc-android/vlc-android/AndroidManifest.xml:78:20-84
meta-data#android.max_aspect
ADDED from vlc-android/vlc-android/AndroidManifest.xml:80:9-82:35
	android:value
		ADDED from vlc-android/vlc-android/AndroidManifest.xml:82:13-32
	android:name
		ADDED from vlc-android/vlc-android/AndroidManifest.xml:81:13-46
activity#org.videolan.vlc.StartActivity
ADDED from vlc-android/vlc-android/AndroidManifest.xml:83:9-446:20
	android:name
		ADDED from vlc-android/vlc-android/AndroidManifest.xml:83:19-48
intent-filter#action:name:android.intent.action.MAIN+category:name:android.intent.category.LAUNCHER+category:name:android.intent.category.LEANBACK_LAUNCHER
ADDED from vlc-android/vlc-android/AndroidManifest.xml:84:13-89:29
action#android.intent.action.MAIN
ADDED from vlc-android/vlc-android/AndroidManifest.xml:85:17-69
	android:name
		ADDED from vlc-android/vlc-android/AndroidManifest.xml:85:25-66
category#android.intent.category.LAUNCHER
ADDED from vlc-android/vlc-android/AndroidManifest.xml:87:17-77
	android:name
		ADDED from vlc-android/vlc-android/AndroidManifest.xml:87:27-74
category#android.intent.category.LEANBACK_LAUNCHER
ADDED from vlc-android/vlc-android/AndroidManifest.xml:88:17-86
	android:name
		ADDED from vlc-android/vlc-android/AndroidManifest.xml:88:27-83
intent-filter#action:name:android.intent.action.VIEW+category:name:android.intent.category.BROWSABLE+category:name:android.intent.category.DEFAULT+data:host:org.videolan.vlc.debug+data:scheme:vlclauncher
ADDED from vlc-android/vlc-android/AndroidManifest.xml:90:13-97:29
action#android.intent.action.VIEW
ADDED from vlc-android/vlc-android/AndroidManifest.xml:91:17-69
	android:name
		ADDED from vlc-android/vlc-android/AndroidManifest.xml:91:25-66
category#android.intent.category.BROWSABLE
ADDED from vlc-android/vlc-android/AndroidManifest.xml:92:17-78
	android:name
		ADDED from vlc-android/vlc-android/AndroidManifest.xml:92:27-75
category#android.intent.category.DEFAULT
ADDED from vlc-android/vlc-android/AndroidManifest.xml:93:17-76
	android:name
		ADDED from vlc-android/vlc-android/AndroidManifest.xml:93:27-73
intent-filter#action:name:android.intent.action.VIEW+category:name:android.intent.category.BROWSABLE+category:name:android.intent.category.DEFAULT+data:scheme:httplive+data:scheme:icyx+data:scheme:mms+data:scheme:mmsh+data:scheme:rtmp+data:scheme:rtmpe+data:scheme:rtmps+data:scheme:rtp+data:scheme:rtsp+data:scheme:udp+data:scheme:vlc
ADDED from vlc-android/vlc-android/AndroidManifest.xml:100:13-117:29
intent-filter#action:name:android.intent.action.VIEW+category:name:android.intent.category.BROWSABLE+category:name:android.intent.category.DEFAULT+data:mimeType:audio/*+data:mimeType:video/*+data:scheme:httplive+data:scheme:icyx+data:scheme:mms+data:scheme:mmsh+data:scheme:rtmp+data:scheme:rtmpe+data:scheme:rtmps+data:scheme:rtp+data:scheme:rtsp+data:scheme:udp+data:scheme:vlc
ADDED from vlc-android/vlc-android/AndroidManifest.xml:119:13-138:29
intent-filter#action:name:android.intent.action.VIEW+category:name:android.intent.category.BROWSABLE+category:name:android.intent.category.DEFAULT+data:mimeType:*/avi+data:mimeType:*/mkv+data:mimeType:*/rmvb+data:mimeType:application/3gpp*+data:mimeType:application/mp4+data:mimeType:application/mpeg*+data:mimeType:application/ogg+data:mimeType:application/sdp+data:mimeType:application/vnd.3gp*+data:mimeType:application/vnd.apple.mpegurl+data:mimeType:application/vnd.dolby*+data:mimeType:application/vnd.dvd*+data:mimeType:application/vnd.rn-realmedia*+data:mimeType:application/x-extension-mp4+data:mimeType:application/x-flac+data:mimeType:application/x-iso9660-image+data:mimeType:application/x-matroska+data:mimeType:application/x-mpegURL+data:mimeType:application/x-ogg+data:mimeType:application/x-quicktimeplayer+data:mimeType:application/x-shockwave-flash+data:mimeType:application/xspf+xml+data:mimeType:audio/*+data:mimeType:misc/ultravox+data:mimeType:video/*+data:scheme:+data:scheme:content+data:scheme:file+data:scheme:ftp+data:scheme:ftps+data:scheme:http+data:scheme:https+data:scheme:sftp+data:scheme:smb
ADDED from vlc-android/vlc-android/AndroidManifest.xml:139:13-179:29
intent-filter#action:name:android.intent.action.VIEW+category:name:android.intent.category.BROWSABLE+category:name:android.intent.category.DEFAULT+data:host:*+data:pathPattern:.*\\.3G2+data:pathPattern:.*\\.3GA+data:pathPattern:.*\\.3GP+data:pathPattern:.*\\.3GP2+data:pathPattern:.*\\.3GPP+data:pathPattern:.*\\.3g2+data:pathPattern:.*\\.3ga+data:pathPattern:.*\\.3gp+data:pathPattern:.*\\.3gp2+data:pathPattern:.*\\.3gpp+data:pathPattern:.*\\.A52+data:pathPattern:.*\\.AAC+data:pathPattern:.*\\.AC3+data:pathPattern:.*\\.ADT+data:pathPattern:.*\\.ADTS+data:pathPattern:.*\\.AIF+data:pathPattern:.*\\.AIFC+data:pathPattern:.*\\.AIFF+data:pathPattern:.*\\.AMR+data:pathPattern:.*\\.AMV+data:pathPattern:.*\\.AOB+data:pathPattern:.*\\.APE+data:pathPattern:.*\\.ASF+data:pathPattern:.*\\.ASX+data:pathPattern:.*\\.AVI+data:pathPattern:.*\\.AWB+data:pathPattern:.*\\.CAF+data:pathPattern:.*\\.DIVX+data:pathPattern:.*\\.DRC+data:pathPattern:.*\\.DTS+data:pathPattern:.*\\.DV+data:pathPattern:.*\\.F4V+data:pathPattern:.*\\.FLAC+data:pathPattern:.*\\.FLV+data:pathPattern:.*\\.GVI+data:pathPattern:.*\\.GXF+data:pathPattern:.*\\.ISMV+data:pathPattern:.*\\.ISO+data:pathPattern:.*\\.IT+data:pathPattern:.*\\.M1V+data:pathPattern:.*\\.M2T+data:pathPattern:.*\\.M2TS+data:pathPattern:.*\\.M2V+data:pathPattern:.*\\.M3U+data:pathPattern:.*\\.M3U8+data:pathPattern:.*\\.M4A+data:pathPattern:.*\\.M4B+data:pathPattern:.*\\.M4P+data:pathPattern:.*\\.M4V+data:pathPattern:.*\\.MID+data:pathPattern:.*\\.MKA+data:pathPattern:.*\\.MKV+data:pathPattern:.*\\.MLP+data:pathPattern:.*\\.MOD+data:pathPattern:.*\\.MOV+data:pathPattern:.*\\.MP1+data:pathPattern:.*\\.MP2+data:pathPattern:.*\\.MP2+data:pathPattern:.*\\.MP2V+data:pathPattern:.*\\.MP3+data:pathPattern:.*\\.MP4+data:pathPattern:.*\\.MP4V+data:pathPattern:.*\\.MPA+data:pathPattern:.*\\.MPC+data:pathPattern:.*\\.MPE+data:pathPattern:.*\\.MPEG+data:pathPattern:.*\\.MPEG1+data:pathPattern:.*\\.MPEG2+data:pathPattern:.*\\.MPEG4+data:pathPattern:.*\\.MPG+data:pathPattern:.*\\.MPGA+data:pathPattern:.*\\.MPV2+data:pathPattern:.*\\.MTS+data:pathPattern:.*\\.MTV+data:pathPattern:.*\\.MXF+data:pathPattern:.*\\.MXG+data:pathPattern:.*\\.NSV+data:pathPattern:.*\\.NUT+data:pathPattern:.*\\.NUV+data:pathPattern:.*\\.OGA+data:pathPattern:.*\\.OGG+data:pathPattern:.*\\.OGM+data:pathPattern:.*\\.OGV+data:pathPattern:.*\\.OGX+data:pathPattern:.*\\.OMA+data:pathPattern:.*\\.OPUS+data:pathPattern:.*\\.PLS+data:pathPattern:.*\\.PS+data:pathPattern:.*\\.RA+data:pathPattern:.*\\.RAM+data:pathPattern:.*\\.REC+data:pathPattern:.*\\.RM+data:pathPattern:.*\\.RMI+data:pathPattern:.*\\.RMVB+data:pathPattern:.*\\.S3M+data:pathPattern:.*\\.SPX+data:pathPattern:.*\\.TOD+data:pathPattern:.*\\.TRP+data:pathPattern:.*\\.TS+data:pathPattern:.*\\.TTA+data:pathPattern:.*\\.TTS+data:pathPattern:.*\\.VOB+data:pathPattern:.*\\.VOC+data:pathPattern:.*\\.VQF+data:pathPattern:.*\\.VRO+data:pathPattern:.*\\.W64+data:pathPattern:.*\\.WAV+data:pathPattern:.*\\.WEBM+data:pathPattern:.*\\.WM+data:pathPattern:.*\\.WMA+data:pathPattern:.*\\.WMV+data:pathPattern:.*\\.WTV+data:pathPattern:.*\\.WV+data:pathPattern:.*\\.XA+data:pathPattern:.*\\.XESC+data:pathPattern:.*\\.XM+data:pathPattern:.*\\.XSPF+data:pathPattern:.*\\.a52+data:pathPattern:.*\\.aac+data:pathPattern:.*\\.ac3+data:pathPattern:.*\\.adt+data:pathPattern:.*\\.adts+data:pathPattern:.*\\.aif+data:pathPattern:.*\\.aifc+data:pathPattern:.*\\.aiff+data:pathPattern:.*\\.amr+data:pathPattern:.*\\.amv+data:pathPattern:.*\\.aob+data:pathPattern:.*\\.ape+data:pathPattern:.*\\.asf+data:pathPattern:.*\\.asx+data:pathPattern:.*\\.avi+data:pathPattern:.*\\.awb+data:pathPattern:.*\\.caf+data:pathPattern:.*\\.divx+data:pathPattern:.*\\.drc+data:pathPattern:.*\\.dts+data:pathPattern:.*\\.dv+data:pathPattern:.*\\.f4v+data:pathPattern:.*\\.flac+data:pathPattern:.*\\.flv+data:pathPattern:.*\\.gvi+data:pathPattern:.*\\.gxf+data:pathPattern:.*\\.ismv+data:pathPattern:.*\\.iso+data:pathPattern:.*\\.it+data:pathPattern:.*\\.m1v+data:pathPattern:.*\\.m2t+data:pathPattern:.*\\.m2ts+data:pathPattern:.*\\.m2v+data:pathPattern:.*\\.m3u+data:pathPattern:.*\\.m3u8+data:pathPattern:.*\\.m4a+data:pathPattern:.*\\.m4b+data:pathPattern:.*\\.m4p+data:pathPattern:.*\\.m4v+data:pathPattern:.*\\.mid+data:pathPattern:.*\\.mka+data:pathPattern:.*\\.mkv+data:pathPattern:.*\\.mlp+data:pathPattern:.*\\.mod+data:pathPattern:.*\\.mov+data:pathPattern:.*\\.mp1+data:pathPattern:.*\\.mp2+data:pathPattern:.*\\.mp2+data:pathPattern:.*\\.mp2v+data:pathPattern:.*\\.mp3+data:pathPattern:.*\\.mp4+data:pathPattern:.*\\.mp4v+data:pathPattern:.*\\.mpa+data:pathPattern:.*\\.mpc+data:pathPattern:.*\\.mpe+data:pathPattern:.*\\.mpeg+data:pathPattern:.*\\.mpeg1+data:pathPattern:.*\\.mpeg2+data:pathPattern:.*\\.mpeg4+data:pathPattern:.*\\.mpg+data:pathPattern:.*\\.mpga+data:pathPattern:.*\\.mpv2+data:pathPattern:.*\\.mts+data:pathPattern:.*\\.mtv+data:pathPattern:.*\\.mxf+data:pathPattern:.*\\.mxg+data:pathPattern:.*\\.nsv+data:pathPattern:.*\\.nut+data:pathPattern:.*\\.nuv+data:pathPattern:.*\\.oga+data:pathPattern:.*\\.ogg+data:pathPattern:.*\\.ogm+data:pathPattern:.*\\.ogv+data:pathPattern:.*\\.ogx+data:pathPattern:.*\\.oma+data:pathPattern:.*\\.opus+data:pathPattern:.*\\.pls+data:pathPattern:.*\\.ps+data:pathPattern:.*\\.ra+data:pathPattern:.*\\.ram+data:pathPattern:.*\\.rec+data:pathPattern:.*\\.rm+data:pathPattern:.*\\.rmi+data:pathPattern:.*\\.rmvb+data:pathPattern:.*\\.s3m+data:pathPattern:.*\\.spx+data:pathPattern:.*\\.tod+data:pathPattern:.*\\.trp+data:pathPattern:.*\\.ts+data:pathPattern:.*\\.tta+data:pathPattern:.*\\.tts+data:pathPattern:.*\\.vob+data:pathPattern:.*\\.voc+data:pathPattern:.*\\.vqf+data:pathPattern:.*\\.vro+data:pathPattern:.*\\.w64+data:pathPattern:.*\\.wav+data:pathPattern:.*\\.webm+data:pathPattern:.*\\.wm+data:pathPattern:.*\\.wma+data:pathPattern:.*\\.wmv+data:pathPattern:.*\\.wtv+data:pathPattern:.*\\.wv+data:pathPattern:.*\\.xa+data:pathPattern:.*\\.xesc+data:pathPattern:.*\\.xm+data:pathPattern:.*\\.xspf+data:scheme:+data:scheme:content+data:scheme:file+data:scheme:ftp+data:scheme:http+data:scheme:https
ADDED from vlc-android/vlc-android/AndroidManifest.xml:180:13-426:29
intent-filter#action:name:android.intent.action.SEND+category:name:android.intent.category.DEFAULT+data:mimeType:*/*
ADDED from vlc-android/vlc-android/AndroidManifest.xml:427:13-431:29
	android:label
		ADDED from vlc-android/vlc-android/AndroidManifest.xml:427:28-57
action#android.intent.action.SEND
ADDED from vlc-android/vlc-android/AndroidManifest.xml:428:17-69
	android:name
		ADDED from vlc-android/vlc-android/AndroidManifest.xml:428:25-66
intent-filter#action:name:android.intent.action.SEARCH
ADDED from vlc-android/vlc-android/AndroidManifest.xml:433:13-435:29
action#android.intent.action.SEARCH
ADDED from vlc-android/vlc-android/AndroidManifest.xml:434:17-71
	android:name
		ADDED from vlc-android/vlc-android/AndroidManifest.xml:434:25-68